[32;1mKezdi.jl> [0m@use input/merleg-LTS-2022/balance/balance_sheet_80_21.dta, clear

[32;1mKezdi.jl> [0m@generate frame_id_numeric = parse_id(frame_id, originalid)

[32;1mKezdi.jl> [0m@generate id_type = id_type(frame_id, originalid)

[32;1mKezdi.jl> [0m@keep frame_id_numeric id_type year sales emp tanass Export egyebbev aktivalt ranyag wbill persexp kecs ereduzem pretax jetok immat teaor08_2d foundyear gdp tax ppi21 teaor08_1d county final_netgep so3_with_mo3 do3 fo3

[32;1mKezdi.jl> [0m@replace emp = mvreplace(emp, 0)

[32;1mKezdi.jl> [0m@generate size_category = size_category(emp)

[32;1mKezdi.jl> [0m@tabulate year size_category

42×5 Named Matrix{Int64}
year ╲ size_category │   large   medium    micro    small  missing
─────────────────────┼────────────────────────────────────────────
1980                 │    2922     1234      492       87        3
1981                 │    2934     1213      480       82        1
1982                 │    2937     1164      443       85        0
1983                 │    2889     1179      439       98        4
1984                 │    2850     1197      350      110        4
1985                 │    2820     1633      372      549       38
1986                 │    2777     1822      478      875       46
1987                 │    2723     2031      592     1298      141
1988                 │    2678     2379     1039     1059      473
1989                 │    2858     2895     3421     1029     4252
1990                 │    2612     3931    14156     5728     1410
1991                 │    2060     4535    27952     8574     1705
1992                 │    1643     4567    84858    11903     2964
1993                 │    1303     4591   107901    13902     1765
1994                 │    1196     4653   138108    15634     1387
1995                 │    1110     4543   156136    16095     1291
1996                 │    1091     4486   182330    16871     1436
1997                 │    1073     4534   201892    18361     1119
1998                 │    1070     4780   228703    20092      781
1999                 │    1046     4893   235734    21043     1294
2000                 │    1022     4913   258426    22077      895
2001                 │    1013     4907   280742    22703      884
2002                 │     972     4818   278331    23323      837
2003                 │     940     4835   282363    23852      963
2004                 │     929     4871   291290    24613      891
2005                 │     903     4829   237237    25416    62716
2006                 │     935     4975   248945    26386    59561
2007                 │     927     5099   259740    26537    58070
2008                 │     954     5092   306161    26594    29912
2009                 │     889     4674   310994    24966    37320
2010                 │     908     4571   330045    25510    43336
2011                 │     910     4620   330084    25357    63480
2012                 │     912     4594   327284    24086    65836
2013                 │     922     4658   311106    25257   100021
2014                 │     913     4656   309068    26363    90464
2015                 │     977     5077   296944    27659   102715
2016                 │     990     5086   290189    28271   106503
2017                 │    1056     5109   278819    28710   110487
2018                 │    1088     5229   339887    29408    46542
2019                 │    1096     5351   334799    30456    47735
2020                 │    1059     5115   340633    29826    46594
2021                 │    1011     5100   329819    29772    51489
